[0.066s] DEBUG:colcon:Command line arguments: ['/usr/bin/colcon', 'build']
[0.066s] DEBUG:colcon:Parsed command line arguments: Namespace(log_base=None, log_level=None, verb_name='build', build_base='build', install_base='install', merge_install=False, symlink_install=False, test_result_base=None, continue_on_error=False, executor='parallel', parallel_workers=16, event_handlers=None, ignore_user_meta=False, metas=['./colcon.meta'], base_paths=['.'], packages_ignore=None, packages_ignore_regex=None, paths=None, packages_up_to=None, packages_up_to_regex=None, packages_above=None, packages_above_and_dependencies=None, packages_above_depth=None, packages_select_by_dep=None, packages_skip_by_dep=None, packages_skip_up_to=None, packages_select_build_failed=False, packages_skip_build_finished=False, packages_select_test_failures=False, packages_skip_test_passed=False, packages_select=None, packages_skip=None, packages_select_regex=None, packages_skip_regex=None, packages_start=None, packages_end=None, allow_overriding=[], cmake_args=None, cmake_target=None, cmake_target_skip_unavailable=False, cmake_clean_cache=False, cmake_clean_first=False, cmake_force_configure=False, ament_cmake_args=None, catkin_cmake_args=None, catkin_skip_building_tests=False, mixin_files=None, mixin=None, verb_parser=<colcon_mixin.mixin.mixin_argument.MixinArgumentDecorator object at 0x763e641c5f00>, verb_extension=<colcon_core.verb.build.BuildVerb object at 0x763e641c54e0>, main=<bound method BuildVerb.main of <colcon_core.verb.build.BuildVerb object at 0x763e641c54e0>>, mixin_verb=('build',))
[0.149s] Level 1:colcon.colcon_core.package_discovery:discover_packages(colcon_meta) check parameters
[0.149s] Level 1:colcon.colcon_core.package_discovery:discover_packages(recursive) check parameters
[0.149s] Level 1:colcon.colcon_core.package_discovery:discover_packages(ignore) check parameters
[0.149s] Level 1:colcon.colcon_core.package_discovery:discover_packages(path) check parameters
[0.149s] Level 1:colcon.colcon_core.package_discovery:discover_packages(colcon_meta) discover
[0.149s] Level 1:colcon.colcon_core.package_discovery:discover_packages(recursive) discover
[0.149s] INFO:colcon.colcon_core.package_discovery:Crawling recursively for packages in '/home/tingjia/workspace/src/relative_pose_node'
[0.149s] Level 1:colcon.colcon_core.package_identification:_identify(.) by extensions ['ignore', 'ignore_ament_install']
[0.149s] Level 1:colcon.colcon_core.package_identification:_identify(.) by extension 'ignore'
[0.149s] Level 1:colcon.colcon_core.package_identification:_identify(.) by extension 'ignore_ament_install'
[0.149s] Level 1:colcon.colcon_core.package_identification:_identify(.) by extensions ['colcon_pkg']
[0.149s] Level 1:colcon.colcon_core.package_identification:_identify(.) by extension 'colcon_pkg'
[0.149s] Level 1:colcon.colcon_core.package_identification:_identify(.) by extensions ['colcon_meta']
[0.149s] Level 1:colcon.colcon_core.package_identification:_identify(.) by extension 'colcon_meta'
[0.149s] Level 1:colcon.colcon_core.package_identification:_identify(.) by extensions ['ros']
[0.149s] Level 1:colcon.colcon_core.package_identification:_identify(.) by extension 'ros'
[0.157s] DEBUG:colcon.colcon_core.package_identification:Package '.' with type 'ros.ament_cmake' and name 'relative_pose_node'
[0.158s] Level 1:colcon.colcon_core.package_discovery:discover_packages(recursive) using defaults
[0.158s] Level 1:colcon.colcon_core.package_discovery:discover_packages(ignore) discover
[0.158s] Level 1:colcon.colcon_core.package_discovery:discover_packages(ignore) using defaults
[0.158s] Level 1:colcon.colcon_core.package_discovery:discover_packages(path) discover
[0.158s] Level 1:colcon.colcon_core.package_discovery:discover_packages(path) using defaults
[0.175s] Level 1:colcon.colcon_core.package_discovery:discover_packages(prefix_path) check parameters
[0.175s] Level 1:colcon.colcon_core.package_discovery:discover_packages(prefix_path) discover
[0.176s] DEBUG:colcon.colcon_installed_package_information.package_discovery:Found 1 installed packages in /home/tingjia/workspace/src/relative_pose_node/install
[0.177s] DEBUG:colcon.colcon_installed_package_information.package_discovery:Found 378 installed packages in /opt/ros/humble
[0.178s] Level 1:colcon.colcon_core.package_discovery:discover_packages(prefix_path) using defaults
[0.201s] Level 5:colcon.colcon_core.verb:set package 'relative_pose_node' build argument 'cmake_args' from command line to 'None'
[0.201s] Level 5:colcon.colcon_core.verb:set package 'relative_pose_node' build argument 'cmake_target' from command line to 'None'
[0.201s] Level 5:colcon.colcon_core.verb:set package 'relative_pose_node' build argument 'cmake_target_skip_unavailable' from command line to 'False'
[0.201s] Level 5:colcon.colcon_core.verb:set package 'relative_pose_node' build argument 'cmake_clean_cache' from command line to 'False'
[0.201s] Level 5:colcon.colcon_core.verb:set package 'relative_pose_node' build argument 'cmake_clean_first' from command line to 'False'
[0.201s] Level 5:colcon.colcon_core.verb:set package 'relative_pose_node' build argument 'cmake_force_configure' from command line to 'False'
[0.201s] Level 5:colcon.colcon_core.verb:set package 'relative_pose_node' build argument 'ament_cmake_args' from command line to 'None'
[0.201s] Level 5:colcon.colcon_core.verb:set package 'relative_pose_node' build argument 'catkin_cmake_args' from command line to 'None'
[0.201s] Level 5:colcon.colcon_core.verb:set package 'relative_pose_node' build argument 'catkin_skip_building_tests' from command line to 'False'
[0.201s] DEBUG:colcon.colcon_core.verb:Building package 'relative_pose_node' with the following arguments: {'ament_cmake_args': None, 'build_base': '/home/tingjia/workspace/src/relative_pose_node/build/relative_pose_node', 'catkin_cmake_args': None, 'catkin_skip_building_tests': False, 'cmake_args': None, 'cmake_clean_cache': False, 'cmake_clean_first': False, 'cmake_force_configure': False, 'cmake_target': None, 'cmake_target_skip_unavailable': False, 'install_base': '/home/tingjia/workspace/src/relative_pose_node/install/relative_pose_node', 'merge_install': False, 'path': '/home/tingjia/workspace/src/relative_pose_node', 'symlink_install': False, 'test_result_base': None}
[0.201s] INFO:colcon.colcon_core.executor:Executing jobs using 'parallel' executor
[0.202s] DEBUG:colcon.colcon_parallel_executor.executor.parallel:run_until_complete
[0.202s] INFO:colcon.colcon_ros.task.ament_cmake.build:Building ROS package in '/home/tingjia/workspace/src/relative_pose_node' with build type 'ament_cmake'
[0.202s] INFO:colcon.colcon_cmake.task.cmake.build:Building CMake package in '/home/tingjia/workspace/src/relative_pose_node'
[0.203s] INFO:colcon.colcon_core.plugin_system:Skipping extension 'colcon_core.shell.bat': Not used on non-Windows systems
[0.203s] INFO:colcon.colcon_core.shell:Skip shell extension 'powershell' for command environment: Not usable outside of PowerShell
[0.203s] DEBUG:colcon.colcon_core.shell:Skip shell extension 'dsv' for command environment
[0.209s] DEBUG:colcon.colcon_core.event_handler.log_command:Invoking command in '/home/tingjia/workspace/src/relative_pose_node/build/relative_pose_node': CMAKE_PREFIX_PATH=${CMAKE_PREFIX_PATH}:/opt/ros/humble /usr/bin/cmake --build /home/tingjia/workspace/src/relative_pose_node/build/relative_pose_node -- -j16 -l16
[7.411s] DEBUG:colcon.colcon_core.event_handler.log_command:Invoked command in '/home/tingjia/workspace/src/relative_pose_node/build/relative_pose_node' returned '0': CMAKE_PREFIX_PATH=${CMAKE_PREFIX_PATH}:/opt/ros/humble /usr/bin/cmake --build /home/tingjia/workspace/src/relative_pose_node/build/relative_pose_node -- -j16 -l16
[7.417s] DEBUG:colcon.colcon_core.event_handler.log_command:Invoking command in '/home/tingjia/workspace/src/relative_pose_node/build/relative_pose_node': CMAKE_PREFIX_PATH=${CMAKE_PREFIX_PATH}:/opt/ros/humble /usr/bin/cmake --install /home/tingjia/workspace/src/relative_pose_node/build/relative_pose_node
[7.428s] Level 1:colcon.colcon_core.environment:create_environment_scripts_only(relative_pose_node)
[7.430s] DEBUG:colcon.colcon_core.event_handler.log_command:Invoked command in '/home/tingjia/workspace/src/relative_pose_node/build/relative_pose_node' returned '0': CMAKE_PREFIX_PATH=${CMAKE_PREFIX_PATH}:/opt/ros/humble /usr/bin/cmake --install /home/tingjia/workspace/src/relative_pose_node/build/relative_pose_node
[7.431s] Level 1:colcon.colcon_core.environment:checking '/home/tingjia/workspace/src/relative_pose_node/install/relative_pose_node' for CMake module files
[7.432s] Level 1:colcon.colcon_core.environment:checking '/home/tingjia/workspace/src/relative_pose_node/install/relative_pose_node' for CMake config files
[7.432s] Level 1:colcon.colcon_core.shell:create_environment_hook('relative_pose_node', 'cmake_prefix_path')
[7.432s] INFO:colcon.colcon_core.shell:Creating environment hook '/home/tingjia/workspace/src/relative_pose_node/install/relative_pose_node/share/relative_pose_node/hook/cmake_prefix_path.ps1'
[7.433s] INFO:colcon.colcon_core.shell:Creating environment descriptor '/home/tingjia/workspace/src/relative_pose_node/install/relative_pose_node/share/relative_pose_node/hook/cmake_prefix_path.dsv'
[7.433s] INFO:colcon.colcon_core.shell:Creating environment hook '/home/tingjia/workspace/src/relative_pose_node/install/relative_pose_node/share/relative_pose_node/hook/cmake_prefix_path.sh'
[7.434s] Level 1:colcon.colcon_core.environment:checking '/home/tingjia/workspace/src/relative_pose_node/install/relative_pose_node/lib'
[7.434s] Level 1:colcon.colcon_core.environment:checking '/home/tingjia/workspace/src/relative_pose_node/install/relative_pose_node/bin'
[7.434s] Level 1:colcon.colcon_core.environment:checking '/home/tingjia/workspace/src/relative_pose_node/install/relative_pose_node/lib/pkgconfig/relative_pose_node.pc'
[7.434s] Level 1:colcon.colcon_core.environment:checking '/home/tingjia/workspace/src/relative_pose_node/install/relative_pose_node/lib/python3.10/site-packages'
[7.434s] Level 1:colcon.colcon_core.environment:checking '/home/tingjia/workspace/src/relative_pose_node/install/relative_pose_node/bin'
[7.435s] INFO:colcon.colcon_core.shell:Creating package script '/home/tingjia/workspace/src/relative_pose_node/install/relative_pose_node/share/relative_pose_node/package.ps1'
[7.435s] INFO:colcon.colcon_core.shell:Creating package descriptor '/home/tingjia/workspace/src/relative_pose_node/install/relative_pose_node/share/relative_pose_node/package.dsv'
[7.436s] INFO:colcon.colcon_core.shell:Creating package script '/home/tingjia/workspace/src/relative_pose_node/install/relative_pose_node/share/relative_pose_node/package.sh'
[7.436s] INFO:colcon.colcon_core.shell:Creating package script '/home/tingjia/workspace/src/relative_pose_node/install/relative_pose_node/share/relative_pose_node/package.bash'
[7.437s] INFO:colcon.colcon_core.shell:Creating package script '/home/tingjia/workspace/src/relative_pose_node/install/relative_pose_node/share/relative_pose_node/package.zsh'
[7.437s] Level 1:colcon.colcon_core.environment:create_file_with_runtime_dependencies(/home/tingjia/workspace/src/relative_pose_node/install/relative_pose_node/share/colcon-core/packages/relative_pose_node)
[7.438s] Level 1:colcon.colcon_core.environment:create_environment_scripts_only(relative_pose_node)
[7.438s] Level 1:colcon.colcon_core.environment:checking '/home/tingjia/workspace/src/relative_pose_node/install/relative_pose_node' for CMake module files
[7.438s] Level 1:colcon.colcon_core.environment:checking '/home/tingjia/workspace/src/relative_pose_node/install/relative_pose_node' for CMake config files
[7.438s] Level 1:colcon.colcon_core.shell:create_environment_hook('relative_pose_node', 'cmake_prefix_path')
[7.439s] INFO:colcon.colcon_core.shell:Creating environment hook '/home/tingjia/workspace/src/relative_pose_node/install/relative_pose_node/share/relative_pose_node/hook/cmake_prefix_path.ps1'
[7.439s] INFO:colcon.colcon_core.shell:Creating environment descriptor '/home/tingjia/workspace/src/relative_pose_node/install/relative_pose_node/share/relative_pose_node/hook/cmake_prefix_path.dsv'
[7.439s] INFO:colcon.colcon_core.shell:Creating environment hook '/home/tingjia/workspace/src/relative_pose_node/install/relative_pose_node/share/relative_pose_node/hook/cmake_prefix_path.sh'
[7.439s] Level 1:colcon.colcon_core.environment:checking '/home/tingjia/workspace/src/relative_pose_node/install/relative_pose_node/lib'
[7.439s] Level 1:colcon.colcon_core.environment:checking '/home/tingjia/workspace/src/relative_pose_node/install/relative_pose_node/bin'
[7.439s] Level 1:colcon.colcon_core.environment:checking '/home/tingjia/workspace/src/relative_pose_node/install/relative_pose_node/lib/pkgconfig/relative_pose_node.pc'
[7.440s] Level 1:colcon.colcon_core.environment:checking '/home/tingjia/workspace/src/relative_pose_node/install/relative_pose_node/lib/python3.10/site-packages'
[7.440s] Level 1:colcon.colcon_core.environment:checking '/home/tingjia/workspace/src/relative_pose_node/install/relative_pose_node/bin'
[7.440s] INFO:colcon.colcon_core.shell:Creating package script '/home/tingjia/workspace/src/relative_pose_node/install/relative_pose_node/share/relative_pose_node/package.ps1'
[7.440s] INFO:colcon.colcon_core.shell:Creating package descriptor '/home/tingjia/workspace/src/relative_pose_node/install/relative_pose_node/share/relative_pose_node/package.dsv'
[7.440s] INFO:colcon.colcon_core.shell:Creating package script '/home/tingjia/workspace/src/relative_pose_node/install/relative_pose_node/share/relative_pose_node/package.sh'
[7.441s] INFO:colcon.colcon_core.shell:Creating package script '/home/tingjia/workspace/src/relative_pose_node/install/relative_pose_node/share/relative_pose_node/package.bash'
[7.441s] INFO:colcon.colcon_core.shell:Creating package script '/home/tingjia/workspace/src/relative_pose_node/install/relative_pose_node/share/relative_pose_node/package.zsh'
[7.441s] Level 1:colcon.colcon_core.environment:create_file_with_runtime_dependencies(/home/tingjia/workspace/src/relative_pose_node/install/relative_pose_node/share/colcon-core/packages/relative_pose_node)
[7.441s] DEBUG:colcon.colcon_parallel_executor.executor.parallel:closing loop
[7.441s] DEBUG:colcon.colcon_parallel_executor.executor.parallel:loop closed
[7.441s] DEBUG:colcon.colcon_parallel_executor.executor.parallel:run_until_complete finished with '0'
[7.441s] DEBUG:colcon.colcon_core.event_reactor:joining thread
[7.447s] INFO:colcon.colcon_core.plugin_system:Skipping extension 'colcon_notification.desktop_notification.terminal_notifier': Not used on non-Darwin systems
[7.447s] INFO:colcon.colcon_core.plugin_system:Skipping extension 'colcon_notification.desktop_notification.win32': Not used on non-Windows systems
[7.447s] INFO:colcon.colcon_notification.desktop_notification:Sending desktop notification using 'notify2'
[7.467s] DEBUG:colcon.colcon_core.event_reactor:joined thread
[7.468s] INFO:colcon.colcon_core.shell:Creating prefix script '/home/tingjia/workspace/src/relative_pose_node/install/local_setup.ps1'
[7.470s] INFO:colcon.colcon_core.shell:Creating prefix util module '/home/tingjia/workspace/src/relative_pose_node/install/_local_setup_util_ps1.py'
[7.474s] INFO:colcon.colcon_core.shell:Creating prefix chain script '/home/tingjia/workspace/src/relative_pose_node/install/setup.ps1'
[7.476s] INFO:colcon.colcon_core.shell:Creating prefix script '/home/tingjia/workspace/src/relative_pose_node/install/local_setup.sh'
[7.477s] INFO:colcon.colcon_core.shell:Creating prefix util module '/home/tingjia/workspace/src/relative_pose_node/install/_local_setup_util_sh.py'
[7.477s] INFO:colcon.colcon_core.shell:Creating prefix chain script '/home/tingjia/workspace/src/relative_pose_node/install/setup.sh'
[7.479s] INFO:colcon.colcon_core.shell:Creating prefix script '/home/tingjia/workspace/src/relative_pose_node/install/local_setup.bash'
[7.479s] INFO:colcon.colcon_core.shell:Creating prefix chain script '/home/tingjia/workspace/src/relative_pose_node/install/setup.bash'
[7.480s] INFO:colcon.colcon_core.shell:Creating prefix script '/home/tingjia/workspace/src/relative_pose_node/install/local_setup.zsh'
[7.481s] INFO:colcon.colcon_core.shell:Creating prefix chain script '/home/tingjia/workspace/src/relative_pose_node/install/setup.zsh'
