[0.282s] Invoking command in '/home/tingjia/workspace/build/optitrack_ros2': CONDA_PROMPT_MODIFIER=(test) PYTHONPATH=/home/tingjia/workspace/build/optitrack_ros2/prefix_override:/usr/lib/python3/dist-packages/colcon_core/task/python/colcon_distutils_commands:/home/tingjia/workspace/install/optitrack_ros2/lib/python3.10/site-packages:${PYTHONPATH} /usr/bin/python3 -W ignore:setup.py install is deprecated -W ignore:easy_install command is deprecated setup.py develop --editable --build-directory /home/tingjia/workspace/build/optitrack_ros2/build --no-deps symlink_data
[0.401s] running develop
[0.463s] running egg_info
[0.463s] creating optitrack_ros2.egg-info
[0.463s] writing optitrack_ros2.egg-info/PKG-INFO
[0.463s] writing dependency_links to optitrack_ros2.egg-info/dependency_links.txt
[0.463s] writing entry points to optitrack_ros2.egg-info/entry_points.txt
[0.463s] writing requirements to optitrack_ros2.egg-info/requires.txt
[0.463s] writing top-level names to optitrack_ros2.egg-info/top_level.txt
[0.463s] writing manifest file 'optitrack_ros2.egg-info/SOURCES.txt'
[0.464s] reading manifest file 'optitrack_ros2.egg-info/SOURCES.txt'
[0.464s] writing manifest file 'optitrack_ros2.egg-info/SOURCES.txt'
[0.465s] running build_ext
[0.465s] Creating /home/tingjia/workspace/install/optitrack_ros2/lib/python3.10/site-packages/optitrack-ros2.egg-link (link to .)
[0.465s] Installing opti_track_node script to /home/tingjia/workspace/install/optitrack_ros2/lib/optitrack_ros2
[0.466s] 
[0.466s] Installed /home/tingjia/workspace/build/optitrack_ros2
[0.466s] running symlink_data
[0.466s] creating /home/tingjia/workspace/install/optitrack_ros2/share/ament_index
[0.466s] creating /home/tingjia/workspace/install/optitrack_ros2/share/ament_index/resource_index
[0.466s] creating /home/tingjia/workspace/install/optitrack_ros2/share/ament_index/resource_index/packages
[0.466s] symbolically linking /home/tingjia/workspace/build/optitrack_ros2/resource/optitrack_ros2 -> /home/tingjia/workspace/install/optitrack_ros2/share/ament_index/resource_index/packages
[0.466s] symbolically linking /home/tingjia/workspace/build/optitrack_ros2/package.xml -> /home/tingjia/workspace/install/optitrack_ros2/share/optitrack_ros2
[0.480s] Invoked command in '/home/tingjia/workspace/build/optitrack_ros2' returned '0': CONDA_PROMPT_MODIFIER=(test) PYTHONPATH=/home/tingjia/workspace/build/optitrack_ros2/prefix_override:/usr/lib/python3/dist-packages/colcon_core/task/python/colcon_distutils_commands:/home/tingjia/workspace/install/optitrack_ros2/lib/python3.10/site-packages:${PYTHONPATH} /usr/bin/python3 -W ignore:setup.py install is deprecated -W ignore:easy_install command is deprecated setup.py develop --editable --build-directory /home/tingjia/workspace/build/optitrack_ros2/build --no-deps symlink_data
