[0.006s] Invoking command in '/home/tingjia/workspace/src/relative_pose_node/build/relative_pose_node': CMAKE_PREFIX_PATH=${CMAKE_PREFIX_PATH}:/opt/ros/humble /usr/bin/cmake --build /home/tingjia/workspace/src/relative_pose_node/build/relative_pose_node -- -j16 -l16
[0.038s] [35m[1mConsolidate compiler generated dependencies of target test_node[0m
[0.047s] [ 33%] Built target sub_node
[0.047s] [ 66%] Built target relative_pose_node
[0.051s] [ 83%] [32mBuilding CXX object CMakeFiles/test_node.dir/src/moveit2_test.cpp.o[0m
[2.490s] [01m[K/home/tingjia/workspace/src/relative_pose_node/src/moveit2_test.cpp:[m[K In member function ‘[01m[Kgeometry_msgs::msg::Pose PandaArmController::calculate_absolute_pose(const Pose&)[m[K’:
[2.491s] [01m[K/home/tingjia/workspace/src/relative_pose_node/src/moveit2_test.cpp:120:51:[m[K [01;31m[Kerror: [m[Kno matching function for call to ‘[01m[KtoMsg(tf2::Quaternion&)[m[K’
[2.491s]   120 |             absolute_pose.orientation = [01;31m[Ktf2::toMsg(absolute_q)[m[K;
[2.491s]       |                                         [01;31m[K~~~~~~~~~~^~~~~~~~~~~~[m[K
[2.491s] In file included from [01m[K/opt/ros/humble/include/tf2_ros/tf2_ros/buffer_interface.hpp:43[m[K,
[2.491s]                  from [01m[K/opt/ros/humble/include/tf2_ros/tf2_ros/buffer.hpp:42[m[K,
[2.491s]                  from [01m[K/opt/ros/humble/include/tf2_ros/tf2_ros/buffer.h:35[m[K,
[2.491s]                  from [01m[K/opt/ros/humble/include/moveit/move_group_interface/move_group_interface.h:62[m[K,
[2.491s]                  from [01m[K/home/tingjia/workspace/src/relative_pose_node/src/moveit2_test.cpp:4[m[K:
[2.491s] [01m[K/opt/ros/humble/include/tf2/tf2/convert.hpp:129:3:[m[K [01;36m[Knote: [m[Kcandidate: ‘[01m[Ktemplate<class A, class B> B tf2::toMsg(const A&)[m[K’
[2.491s]   129 | B [01;36m[KtoMsg[m[K(const A & a);
[2.491s]       |   [01;36m[K^~~~~[m[K
[2.491s] [01m[K/opt/ros/humble/include/tf2/tf2/convert.hpp:129:3:[m[K [01;36m[Knote: [m[K  template argument deduction/substitution failed:
[2.491s] [01m[K/home/tingjia/workspace/src/relative_pose_node/src/moveit2_test.cpp:120:51:[m[K [01;36m[Knote: [m[K  couldn’t deduce template parameter ‘[01m[KB[m[K’
[2.491s]   120 |             absolute_pose.orientation = [01;36m[Ktf2::toMsg(absolute_q)[m[K;
[2.491s]       |                                         [01;36m[K~~~~~~~~~~^~~~~~~~~~~~[m[K
[4.698s] gmake[2]: *** [CMakeFiles/test_node.dir/build.make:76: CMakeFiles/test_node.dir/src/moveit2_test.cpp.o] Error 1
[4.698s] gmake[1]: *** [CMakeFiles/Makefile2:167: CMakeFiles/test_node.dir/all] Error 2
[4.698s] gmake: *** [Makefile:146: all] Error 2
[4.699s] Invoked command in '/home/tingjia/workspace/src/relative_pose_node/build/relative_pose_node' returned '2': CMAKE_PREFIX_PATH=${CMAKE_PREFIX_PATH}:/opt/ros/humble /usr/bin/cmake --build /home/tingjia/workspace/src/relative_pose_node/build/relative_pose_node -- -j16 -l16
