[0.007s] Invoking command in '/home/tingjia/workspace/src/relative_pose_node/build/relative_pose_node': CMAKE_PREFIX_PATH=${CMAKE_PREFIX_PATH}:/opt/ros/humble /usr/bin/cmake --build /home/tingjia/workspace/src/relative_pose_node/build/relative_pose_node -- -j16 -l16
[0.038s] [35m[1mConsolidate compiler generated dependencies of target test_node[0m
[0.043s] [ 33%] Built target relative_pose_node
[0.048s] [ 66%] Built target sub_node
[0.050s] [ 83%] [32mBuilding CXX object CMakeFiles/test_node.dir/src/moveit2_test.cpp.o[0m
[6.442s] [100%] [32m[1mLinking CXX executable test_node[0m
[6.824s] [100%] Built target test_node
[6.832s] Invoked command in '/home/tingjia/workspace/src/relative_pose_node/build/relative_pose_node' returned '0': CMAKE_PREFIX_PATH=${CMAKE_PREFIX_PATH}:/opt/ros/humble /usr/bin/cmake --build /home/tingjia/workspace/src/relative_pose_node/build/relative_pose_node -- -j16 -l16
[6.838s] Invoking command in '/home/tingjia/workspace/src/relative_pose_node/build/relative_pose_node': CMAKE_PREFIX_PATH=${CMAKE_PREFIX_PATH}:/opt/ros/humble /usr/bin/cmake --install /home/tingjia/workspace/src/relative_pose_node/build/relative_pose_node
[6.844s] -- Install configuration: ""
[6.845s] -- Up-to-date: /home/tingjia/workspace/src/relative_pose_node/install/relative_pose_node/lib/relative_pose_node/relative_pose_node
[6.845s] -- Installing: /home/tingjia/workspace/src/relative_pose_node/install/relative_pose_node/lib/relative_pose_node/test_node
[6.846s] -- Set runtime path of "/home/tingjia/workspace/src/relative_pose_node/install/relative_pose_node/lib/relative_pose_node/test_node" to ""
[6.846s] -- Up-to-date: /home/tingjia/workspace/src/relative_pose_node/install/relative_pose_node/lib/relative_pose_node/sub_node
[6.846s] -- Up-to-date: /home/tingjia/workspace/src/relative_pose_node/install/relative_pose_node/share/relative_pose_node/launch
[6.846s] -- Up-to-date: /home/tingjia/workspace/src/relative_pose_node/install/relative_pose_node/share/relative_pose_node/launch/relative_pose_launch.py
[6.847s] -- Up-to-date: /home/tingjia/workspace/src/relative_pose_node/install/relative_pose_node/share/ament_index/resource_index/package_run_dependencies/relative_pose_node
[6.847s] -- Up-to-date: /home/tingjia/workspace/src/relative_pose_node/install/relative_pose_node/share/ament_index/resource_index/parent_prefix_path/relative_pose_node
[6.847s] -- Up-to-date: /home/tingjia/workspace/src/relative_pose_node/install/relative_pose_node/share/relative_pose_node/environment/ament_prefix_path.sh
[6.847s] -- Up-to-date: /home/tingjia/workspace/src/relative_pose_node/install/relative_pose_node/share/relative_pose_node/environment/ament_prefix_path.dsv
[6.847s] -- Up-to-date: /home/tingjia/workspace/src/relative_pose_node/install/relative_pose_node/share/relative_pose_node/environment/path.sh
[6.847s] -- Up-to-date: /home/tingjia/workspace/src/relative_pose_node/install/relative_pose_node/share/relative_pose_node/environment/path.dsv
[6.847s] -- Up-to-date: /home/tingjia/workspace/src/relative_pose_node/install/relative_pose_node/share/relative_pose_node/local_setup.bash
[6.847s] -- Up-to-date: /home/tingjia/workspace/src/relative_pose_node/install/relative_pose_node/share/relative_pose_node/local_setup.sh
[6.847s] -- Up-to-date: /home/tingjia/workspace/src/relative_pose_node/install/relative_pose_node/share/relative_pose_node/local_setup.zsh
[6.847s] -- Up-to-date: /home/tingjia/workspace/src/relative_pose_node/install/relative_pose_node/share/relative_pose_node/local_setup.dsv
[6.847s] -- Installing: /home/tingjia/workspace/src/relative_pose_node/install/relative_pose_node/share/relative_pose_node/package.dsv
[6.847s] -- Up-to-date: /home/tingjia/workspace/src/relative_pose_node/install/relative_pose_node/share/ament_index/resource_index/packages/relative_pose_node
[6.847s] -- Up-to-date: /home/tingjia/workspace/src/relative_pose_node/install/relative_pose_node/share/relative_pose_node/cmake/relative_pose_nodeConfig.cmake
[6.847s] -- Up-to-date: /home/tingjia/workspace/src/relative_pose_node/install/relative_pose_node/share/relative_pose_node/cmake/relative_pose_nodeConfig-version.cmake
[6.847s] -- Up-to-date: /home/tingjia/workspace/src/relative_pose_node/install/relative_pose_node/share/relative_pose_node/package.xml
[6.848s] Invoked command in '/home/tingjia/workspace/src/relative_pose_node/build/relative_pose_node' returned '0': CMAKE_PREFIX_PATH=${CMAKE_PREFIX_PATH}:/opt/ros/humble /usr/bin/cmake --install /home/tingjia/workspace/src/relative_pose_node/build/relative_pose_node
